[website6237582.nicepage.io/index.html]
[backblue.gif]
[fade.gif]
[index.html]
[capp.nicepage.com/d114f428bfaaeaa714a5b288adc02c82ccd03c41/nicepage.css]
[website6237582.nicepage.io/nicepage-site.css]
[website6237582.nicepage.io/Home.css]
[capp.nicepage.com/assets/jquery-3.5.1.min.js]
[capp.nicepage.com/d114f428bfaaeaa714a5b288adc02c82ccd03c41/nicepage.js]
[assets.nicepagecdn.com/c162bf5e/6237582/images/NewlogoB.png]
[assets.nicepagecdn.com/c162bf5e/6237582/images/instagram_logo_icon_181283.png]
[assets.nicepagecdn.com/c162bf5e/6237582/images/tik-tok.png]
[assets.nicepagecdn.com/c162bf5e/6237582/images/8617a642f50cab32cf01a0d6ff20241e6a786b5ea32faba463d790b056443e51927f394bee87748567a85974f19aed61603eab6f744d34da0bbe76_1280.jpg]
[website6237582.nicepage.io/Famiglia.html]
[assets.nicepagecdn.com/c162bf5e/6237582/images/ge945e5a12d2daa766cafd89d8eb9d7c28f6e1bb8645eddb9da4ed6ed5283f421a7e1b77dc5cb04469e1247f0269906d6_1280.jpg]
[assets.nicepagecdn.com/c162bf5e/6237582/images/84ade842e7ec6bf1103c568910ef39d8dfe0b1b0501b2518c41e63dd8dc413791ca61e7272234751baa43ca189f441779e25ebb4aa4c88082746d2_1280.jpg]
[website6237582.nicepage.io/Contenuti-social.html]
[website6237582.nicepage.io/index.html]
[website6237582.nicepage.io/Eventi.html]
[capp.nicepage.com/d114f428bfaaeaa714a5b288adc02c82ccd03c41/nicepage.css]
[website6237582.nicepage.io/nicepage-site.css]
[assets.nicepagecdn.com/c162bf5e/6237582/images/pexels-fotios-photos-21364525.jpg]
[assets.nicepagecdn.com/c162bf5e/6237582/images/4d750ea4e141f0888b76949d3dfc9f59e15786db92c711d50ecae9bb5633af55f959564687d18ee8cb318d66b5f11a48562605455e9db4bc8949b3_1280.jpg]
[assets.nicepagecdn.com/c162bf5e/6237582/images/d564398a27b57fbe9a218bdf94b70c6a400c7eb69cb194545174b88eaf168e14179a48cc97fbb63e3aab133bc96d12e3902243e4a85043f2b4236a_1280.jpg]
[website6237582.nicepage.io/Home.css]
[assets.nicepagecdn.com/11a8ddce/6173881/images/positive-human-emotions-portrait-beautiful-charming-female-student-with-afro-hairstyle-having-shy-look-laughing-wearing-stylish-round-eyeglass]
[website6237582.nicepage.io/signature.png]
[capp.nicepage.com/d114f428bfaaeaa714a5b288adc02c82ccd03c41/nicepage.js]
[website6237582.nicepage.io/Content/BundledScripts/index.html]
[website6237582.nicepage.io/Famiglia.css]
[website6237582.nicepage.io/ABCDEFGHIJKLMNOPQRSTUVWXYZabcdefghijklmnopqrstuvwxyz0123456789+/index.html]
[website6237582.nicepage.io/Famiglia.html]
[website6237582.nicepage.io/Contenuti-social.css]
[website6237582.nicepage.io/Contenuti-social.html]
[website6237582.nicepage.io/Eventi.css]
[website6237582.nicepage.io/Eventi.html]
[website6237582.nicepage.io/Content/BundledScripts/index.html]
[website6237582.nicepage.io/signature.html]
[website6237582.nicepage.io/ABCDEFGHIJKLMNOPQRSTUVWXYZabcdefghijklmnopqrstuvwxyz0123456789+/index.html]
[website6237582.nicepage.io/Famiglia.css]
[website6237582.nicepage.io/Contenuti-social.css]
[website6237582.nicepage.io/Eventi.css]
